2026-07-23T22:17:24.196+0900 INFO     Loggers starting up... [com.comsol.logger]
2026-07-23T22:17:24.197+0900 INFO     File logger initialized. [com.comsol.logger]
2026-07-23T22:17:24.197+0900 INFO     Loggers registered with log service. [com.comsol.logger]
2026-07-23T22:17:24.198+0900 INFO     Configured log levels with logger admin. [com.comsol.logger]
2026-07-23T22:17:24.198+0900 INFO     Loggers completed starting. [com.comsol.logger]
2026-07-23T22:17:24.199+0900 INFO     BundleEvent STARTED [com.comsol.logger]
2026-07-23T22:17:24.202+0900 INFO     COMSOL 6.4.0.293 starting. [com.comsol.util]
2026-07-23T22:17:24.354+0900 INFO     DYLD_LIBRARY_PATH=/Applications/COMSOL64/Multiphysics/ext/graphicsmagick/macarm64/:/Applications/COMSOL64/Multiphysics/ext/dnn/macarm64:/Applications/COMSOL64/Multiphysics/ext/dcm/macarm64:/Applications/COMSOL64/Multiphysics/ext/cadimport/macarm64:/Applications/COMSOL64/Multiphysics/lib/macarm64 [com.comsol.util]
2026-07-23T22:17:24.355+0900 INFO     BundleEvent STARTING [com.comsol.batch]
2026-07-23T22:17:24.355+0900 INFO     BundleEvent STARTED [com.comsol.batch]
2026-07-23T22:17:24.355+0900 INFO     BundleEvent STARTING [org.eclipse.core.resources]
2026-07-23T22:17:24.355+0900 INFO     ServiceEvent REGISTERED [org.eclipse.core.resources] {org.eclipse.osgi.service.debug.DebugOptionsListener}
2026-07-23T22:17:24.357+0900 INFO     BundleEvent STARTING [org.eclipse.core.jobs]
2026-07-23T22:17:24.361+0900 INFO     ServiceEvent REGISTERED [org.eclipse.core.jobs] {org.eclipse.osgi.service.debug.DebugOptionsListener}
2026-07-23T22:17:24.361+0900 INFO     ServiceEvent REGISTERED [org.eclipse.core.jobs] {org.eclipse.core.runtime.jobs.IJobManager}
2026-07-23T22:17:24.361+0900 INFO     BundleEvent STARTED [org.eclipse.core.jobs]
2026-07-23T22:17:24.397+0900 INFO     BundleEvent STARTING [org.eclipse.core.filesystem]
2026-07-23T22:17:24.398+0900 INFO     BundleEvent STARTED [org.eclipse.core.filesystem]
2026-07-23T22:17:24.398+0900 INFO     ServiceEvent REGISTERED [org.eclipse.core.resources] {org.eclipse.core.resources.IWorkspace}
2026-07-23T22:17:24.399+0900 INFO     ServiceEvent REGISTERED [org.eclipse.core.resources] {org.eclipse.core.resources.IResourceChangeListener}
2026-07-23T22:17:24.403+0900 INFO     BundleEvent STARTED [org.eclipse.core.resources]
2026-07-23T22:17:24.404+0900 INFO     BundleEvent STARTING [com.comsol.nativeutil]
2026-07-23T22:17:24.405+0900 INFO     BundleEvent STARTED [com.comsol.nativeutil]
2026-07-23T22:17:24.405+0900 INFO     BundleEvent STARTING [com.comsol.nativejni]
2026-07-23T22:17:24.428+0900 INFO     BundleEvent STARTED [com.comsol.nativejni]
2026-07-23T22:17:24.437+0900 INFO     BundleEvent STARTING [com.comsol.bridge]
2026-07-23T22:17:24.437+0900 INFO     BundleEvent STARTED [com.comsol.bridge]
2026-07-23T22:17:24.438+0900 INFO     BundleEvent STARTING [com.comsol.widgets]
2026-07-23T22:17:24.438+0900 INFO     BundleEvent STARTED [com.comsol.widgets]
2026-07-23T22:17:24.439+0900 INFO     BundleEvent STARTING [com.comsol.gui]
2026-07-23T22:17:24.439+0900 INFO     BundleEvent STARTED [com.comsol.gui]
2026-07-23T22:17:24.441+0900 INFO     BundleEvent STARTING [com.comsol.guimph]
2026-07-23T22:17:24.441+0900 INFO     BundleEvent STARTED [com.comsol.guimph]
2026-07-23T22:17:24.441+0900 INFO     BundleEvent STARTING [com.comsol.model]
2026-07-23T22:17:24.446+0900 INFO     BundleEvent STARTING [com.comsol.nativemph]
2026-07-23T22:17:24.446+0900 INFO     BundleEvent STARTED [com.comsol.nativemph]
2026-07-23T22:17:24.448+0900 INFO     ServiceEvent REGISTERED [com.comsol.model] {org.osgi.service.url.URLStreamHandlerService}
2026-07-23T22:17:24.448+0900 INFO     ServiceEvent REGISTERED [com.comsol.model] {org.osgi.service.url.URLStreamHandlerService}
2026-07-23T22:17:24.448+0900 INFO     BundleEvent STARTED [com.comsol.model]
2026-07-23T22:17:24.449+0900 INFO     BundleEvent STARTING [com.comsol.renderer]
2026-07-23T22:17:24.454+0900 INFO     BundleEvent STARTED [com.comsol.renderer]
2026-07-23T22:17:24.590+0900 INFO     Warning: Could not set stored value 'all' for preference security.external.filepermission [com.comsol.util]
2026-07-23T22:17:24.604+0900 INFO     Licensed vendor string = L,5ff77fdff7f5ffff5 [com.comsol.util]
2026-07-23T22:17:24.606+0900 INFO     BundleEvent STARTING [com.comsol.guigraphics]
2026-07-23T22:17:24.606+0900 INFO     BundleEvent STARTED [com.comsol.guigraphics]
2026-07-23T22:17:24.652+0900 INFO     Warning: Could not set stored value 'all' for preference security.external.filepermission [com.comsol.util]
2026-07-23T22:17:24.663+0900 INFO     Connection sequence finalized for session: [UserName=null, Connected=true, Local=true, ClientHost=GuonoMacBook-Pro.local, ClientPlatform=MACOSX, ClientType=UNKNOWN, ClientRoot=/Applications/COMSOL64/Multiphysics] [com.comsol.bridge]
2026-07-23T22:17:24.664+0900 INFO     Warning: Could not set stored value 'all' for preference security.external.filepermission [com.comsol.util]
2026-07-23T22:17:24.669+0900 INFO     BundleEvent STARTING [com.comsol.loader]
2026-07-23T22:17:24.669+0900 INFO     BundleEvent STARTED [com.comsol.loader]
2026-07-23T22:17:24.761+0900 INFO     Starting methodexec process... [com.comsol.util]
2026-07-23T22:17:25.275+0900 INFO     Methodexec process started with pid:9127 [com.comsol.util]
2026-07-23T22:17:25.695+0900 INFO     Methodexec process with pid:9127 has been shut down. [com.comsol.util]
2026-07-23T22:17:25.698+0900 ERROR     [com.comsol.bridge]
Exception:
	com.comsol.methodexec.util.MECPCommException: java.io.EOFException
	(rethrown as com.comsol.util.exceptions.FlException)
Messages:
	Error loading java class

	java.io.EOFException
	- Class: NfmComsolEntry

Stack trace:
at com.comsol.methodexec.comm.c.b(SourceFile:53)
	at com.comsol.methodexecmph.a.a.a(SourceFile:190)
	at com.comsol.methodexecmph.b.a(SourceFile:120)
	at com.comsol.model.util.ServerModelUtil.runExternalClass(SourceFile:649)
	at com.comsol.model.util.ModelUtilInternal.runExternalClass(SourceFile:195)
	at java.base/jdk.internal.reflect.DirectMethodHandleAccessor.invoke(Unknown Source)
	at java.base/java.lang.reflect.Method.invoke(Unknown Source)
	at com.comsol.bridge.command.b.a(SourceFile:161)
	at com.comsol.bridge.command.c.run(SourceFile:63)
	at com.comsol.bridge.command.k.c(SourceFile:227)
	at com.comsol.bridge.command.k$1.run(SourceFile:100)
	at com.comsol.util.thread.SuspendableTasks$1.run(SourceFile:111)
	at java.base/java.util.concurrent.ThreadPoolExecutor.runWorker(Unknown Source)
	at java.base/java.util.concurrent.ThreadPoolExecutor$Worker.run(Unknown Source)
	at java.base/java.lang.Thread.run(Unknown Source)
Caused by: java.io.EOFException
	at java.base/java.io.DataInputStream.readFully(Unknown Source)
	at java.base/java.io.DataInputStream.readInt(Unknown Source)
	at com.comsol.methodexec.comm.b.b(SourceFile:198)
	at com.comsol.methodexec.comm.b.b(SourceFile:113)
	at com.comsol.methodexec.comm.c.b(SourceFile:51)
	... 14 more

2026-07-23T22:17:25.704+0900 ERROR    Error_loading_java_class [com.comsol.util]
2026-07-23T22:17:25.704+0900 ERROR    Error_loading_java_class [com.comsol.util]
2026-07-23T22:17:25.706+0900 ERROR    An error occurred [com.comsol.util]
Exception:
	com.comsol.util.exceptions.FlException: 加载 Java 类时出错。
Messages:
	加载 Java 类时出错。

	java.io.EOFException
	- 类: NfmComsolEntry

Stack trace:
at com.comsol.methodexec.comm.c.b(SourceFile:53)
	at com.comsol.methodexecmph.a.a.a(SourceFile:190)
	at com.comsol.methodexecmph.b.a(SourceFile:120)
	at com.comsol.methodexecmph.b.a(SourceFile:132)
	at com.comsol.model.util.ServerModelUtil.runExternalClass(SourceFile:649)
	at com.comsol.model.util.ModelUtilInternal.runExternalClass(SourceFile:195)
	at jdk.internal.reflect.DirectMethodHandleAccessor.invoke(Unknown Source)
	at java.lang.reflect.Method.invoke(Unknown Source)
	at com.comsol.bridge.command.b.a(SourceFile:161)
	at com.comsol.bridge.command.c.run(SourceFile:63)
	at com.comsol.bridge.command.k.c(SourceFile:227)
	at com.comsol.bridge.command.k$1.run(SourceFile:100)
	at com.comsol.util.thread.SuspendableTasks$1.run(SourceFile:111)
	at java.util.concurrent.ThreadPoolExecutor.runWorker(Unknown Source)
	at java.util.concurrent.ThreadPoolExecutor$Worker.run(Unknown Source)
	at java.lang.Thread.run(Unknown Source)

2026-07-23T22:17:25.710+0900 INFO     BundleEvent STARTING [com.comsol.cluster]
2026-07-23T22:17:25.710+0900 INFO     BundleEvent STARTED [com.comsol.cluster]
2026-07-23T22:17:25.716+0900 INFO     ServiceEvent UNREGISTERING [org.eclipse.equinox.app] {org.osgi.service.application.ApplicationHandle, org.eclipse.equinox.app.IApplicationContext}
2026-07-23T22:17:25.716+0900 INFO     ServiceEvent UNREGISTERING [org.eclipse.osgi] {org.eclipse.osgi.service.runnable.ApplicationLauncher}
2026-07-23T22:17:25.719+0900 INFO     ServiceEvent UNREGISTERING [org.eclipse.osgi] {org.eclipse.osgi.service.runnable.StartupMonitor}
2026-07-23T22:17:25.720+0900 INFO     BundleEvent STOPPING [org.eclipse.osgi]
2026-07-23T22:17:25.724+0900 INFO     BundleEvent STOPPING [com.comsol.guiswt]
2026-07-23T22:17:25.724+0900 INFO     BundleEvent STOPPED [com.comsol.guiswt]
2026-07-23T22:17:25.724+0900 INFO     BundleEvent STOPPING [com.comsol.widgets.swt]
2026-07-23T22:17:25.725+0900 INFO     BundleEvent STOPPED [com.comsol.widgets.swt]
2026-07-23T22:17:25.725+0900 INFO     BundleEvent STOPPING [org.eclipse.ui]
2026-07-23T22:17:25.725+0900 INFO     BundleEvent STOPPED [org.eclipse.ui]
2026-07-23T22:17:25.725+0900 INFO     BundleEvent STOPPING [org.eclipse.ui.workbench]
2026-07-23T22:17:25.725+0900 INFO     ServiceEvent UNREGISTERING [org.eclipse.ui.workbench] {org.eclipse.e4.ui.workbench.modeling.IModelProcessorContribution}
2026-07-23T22:17:25.729+0900 INFO     ServiceEvent UNREGISTERING [org.eclipse.ui.workbench] {org.eclipse.e4.ui.workbench.modeling.IModelProcessorContribution, org.eclipse.ui.internal.CommandToModelProcessor}
2026-07-23T22:17:25.730+0900 INFO     ServiceEvent UNREGISTERING [org.eclipse.ui.workbench] {org.eclipse.e4.ui.workbench.modeling.IModelProcessorContribution, org.eclipse.ui.internal.ContextToModelProcessor}
2026-07-23T22:17:25.730+0900 INFO     ServiceEvent UNREGISTERING [org.eclipse.ui.workbench] {org.osgi.service.event.EventHandler}
2026-07-23T22:17:25.730+0900 INFO     ServiceEvent UNREGISTERING [org.eclipse.ui.workbench] {org.eclipse.e4.ui.internal.css.swt.definition.IColorAndFontProvider}
2026-07-23T22:17:25.730+0900 INFO     BundleEvent STOPPED [org.eclipse.ui.workbench]
2026-07-23T22:17:25.730+0900 INFO     BundleEvent STOPPING [org.eclipse.e4.ui.workbench.addons.swt]
2026-07-23T22:17:25.730+0900 INFO     ServiceEvent UNREGISTERING [org.eclipse.e4.ui.workbench.addons.swt] {org.eclipse.e4.ui.workbench.modeling.IModelProcessorContribution}
2026-07-23T22:17:25.731+0900 INFO     ServiceEvent UNREGISTERING [org.eclipse.e4.ui.workbench.addons.swt] {org.eclipse.e4.ui.workbench.modeling.IModelProcessorContribution}
2026-07-23T22:17:25.731+0900 INFO     ServiceEvent UNREGISTERING [org.eclipse.e4.ui.workbench.addons.swt] {org.eclipse.e4.ui.workbench.modeling.IModelProcessorContribution}
2026-07-23T22:17:25.731+0900 INFO     ServiceEvent UNREGISTERING [org.eclipse.e4.ui.workbench.addons.swt] {org.eclipse.e4.ui.workbench.modeling.IModelProcessorContribution}
2026-07-23T22:17:25.732+0900 INFO     BundleEvent STOPPED [org.eclipse.e4.ui.workbench.addons.swt]
2026-07-23T22:17:25.732+0900 INFO     BundleEvent STOPPING [org.eclipse.e4.ui.workbench.renderers.swt]
2026-07-23T22:17:25.732+0900 INFO     BundleEvent STOPPED [org.eclipse.e4.ui.workbench.renderers.swt]
2026-07-23T22:17:25.732+0900 INFO     BundleEvent STOPPING [org.eclipse.e4.ui.workbench.swt]
2026-07-23T22:17:25.732+0900 INFO     ServiceEvent UNREGISTERING [org.eclipse.e4.ui.workbench.swt] {org.eclipse.e4.core.internal.contexts.IEclipseContextDebugger}
2026-07-23T22:17:25.733+0900 INFO     ServiceEvent UNREGISTERING [org.eclipse.e4.ui.workbench.swt] {org.eclipse.ui.testing.TestableObject}
2026-07-23T22:17:25.733+0900 INFO     ServiceEvent UNREGISTERING [org.eclipse.e4.ui.workbench.swt] {org.eclipse.e4.core.contexts.IContextFunction}
2026-07-23T22:17:25.733+0900 INFO     ServiceEvent UNREGISTERING [org.eclipse.e4.ui.workbench.swt] {org.eclipse.e4.core.contexts.IContextFunction}
2026-07-23T22:17:25.733+0900 INFO     BundleEvent STOPPED [org.eclipse.e4.ui.workbench.swt]
2026-07-23T22:17:25.733+0900 INFO     BundleEvent STOPPING [com.comsol.extbridge]
2026-07-23T22:17:25.733+0900 INFO     BundleEvent STOPPED [com.comsol.extbridge]
2026-07-23T22:17:25.733+0900 INFO     BundleEvent STOPPING [com.comsol.guidb]
2026-07-23T22:17:25.734+0900 INFO     BundleEvent STOPPED [com.comsol.guidb]
2026-07-23T22:17:25.734+0900 INFO     BundleEvent STOPPING [com.comsol.dbmodel]
2026-07-23T22:17:25.734+0900 INFO     BundleEvent STOPPED [com.comsol.dbmodel]
2026-07-23T22:17:25.734+0900 INFO     BundleEvent STOPPING [com.comsol.bridge]
2026-07-23T22:17:25.734+0900 INFO     BundleEvent STOPPED [com.comsol.bridge]
2026-07-23T22:17:25.734+0900 INFO     BundleEvent STOPPING [org.eclipse.e4.ui.bindings]
2026-07-23T22:17:25.734+0900 INFO     ServiceEvent UNREGISTERING [org.eclipse.e4.ui.bindings] {org.eclipse.e4.core.contexts.IContextFunction}
2026-07-23T22:17:25.734+0900 INFO     BundleEvent STOPPED [org.eclipse.e4.ui.bindings]
2026-07-23T22:17:25.735+0900 INFO     BundleEvent STOPPING [org.eclipse.e4.ui.workbench]
2026-07-23T22:17:25.735+0900 INFO     ServiceEvent UNREGISTERING [org.eclipse.e4.ui.workbench] {org.eclipse.e4.core.contexts.IContextFunction}
2026-07-23T22:17:25.735+0900 INFO     ServiceEvent UNREGISTERING [org.eclipse.e4.ui.workbench] {org.eclipse.e4.core.contexts.IContextFunction}
2026-07-23T22:17:25.735+0900 INFO     ServiceEvent UNREGISTERING [org.eclipse.e4.ui.workbench] {org.eclipse.e4.ui.internal.workbench.ModelAssembler}
2026-07-23T22:17:25.735+0900 INFO     ServiceEvent UNREGISTERING [org.eclipse.e4.ui.workbench] {org.eclipse.e4.core.contexts.IContextFunction}
2026-07-23T22:17:25.735+0900 INFO     ServiceEvent UNREGISTERING [org.eclipse.e4.ui.workbench] {org.eclipse.e4.core.contexts.IContextFunction}
2026-07-23T22:17:25.735+0900 INFO     ServiceEvent UNREGISTERING [org.eclipse.e4.ui.workbench] {org.eclipse.osgi.service.debug.DebugOptionsListener}
2026-07-23T22:17:25.735+0900 INFO     BundleEvent STOPPED [org.eclipse.e4.ui.workbench]
2026-07-23T22:17:25.735+0900 INFO     BundleEvent STOPPING [org.eclipse.e4.ui.model.workbench]
2026-07-23T22:17:25.736+0900 INFO     BundleEvent STOPPED [org.eclipse.e4.ui.model.workbench]
2026-07-23T22:17:25.736+0900 INFO     BundleEvent STOPPING [com.comsol.batch]
2026-07-23T22:17:25.736+0900 INFO     BundleEvent STOPPED [com.comsol.batch]
2026-07-23T22:17:25.736+0900 INFO     BundleEvent STOPPING [com.comsol.guipost]
2026-07-23T22:17:25.736+0900 INFO     BundleEvent STOPPED [com.comsol.guipost]
2026-07-23T22:17:25.736+0900 INFO     BundleEvent STOPPING [com.comsol.guigeommesh]
2026-07-23T22:17:25.736+0900 INFO     BundleEvent STOPPED [com.comsol.guigeommesh]
2026-07-23T22:17:25.736+0900 INFO     BundleEvent STOPPING [com.comsol.guitdp]
2026-07-23T22:17:25.736+0900 INFO     BundleEvent STOPPED [com.comsol.guitdp]
2026-07-23T22:17:25.737+0900 INFO     BundleEvent STOPPING [com.comsol.guimph]
2026-07-23T22:17:25.737+0900 INFO     BundleEvent STOPPED [com.comsol.guimph]
2026-07-23T22:17:25.737+0900 INFO     BundleEvent STOPPING [com.comsol.post]
2026-07-23T22:17:25.737+0900 INFO     BundleEvent STOPPED [com.comsol.post]
2026-07-23T22:17:25.737+0900 INFO     BundleEvent STOPPING [com.comsol.guigraphics]
2026-07-23T22:17:25.737+0900 INFO     BundleEvent STOPPED [com.comsol.guigraphics]
2026-07-23T22:17:25.737+0900 INFO     BundleEvent STOPPING [com.comsol.geommesh]
2026-07-23T22:17:25.737+0900 INFO     BundleEvent STOPPED [com.comsol.geommesh]
2026-07-23T22:17:25.737+0900 INFO     BundleEvent STOPPING [com.comsol.cluster]
2026-07-23T22:17:25.737+0900 INFO     BundleEvent STOPPED [com.comsol.cluster]
2026-07-23T22:17:25.738+0900 INFO     BundleEvent STOPPING [com.comsol.model]
2026-07-23T22:17:25.738+0900 INFO     ServiceEvent UNREGISTERING [com.comsol.model] {org.osgi.service.url.URLStreamHandlerService}
2026-07-23T22:17:25.738+0900 INFO     ServiceEvent UNREGISTERING [com.comsol.model] {org.osgi.service.url.URLStreamHandlerService}
2026-07-23T22:17:25.738+0900 INFO     BundleEvent STOPPED [com.comsol.model]
2026-07-23T22:17:25.738+0900 INFO     BundleEvent STOPPING [com.comsol.servicebridge]
2026-07-23T22:17:25.738+0900 INFO     BundleEvent STOPPED [com.comsol.servicebridge]
2026-07-23T22:17:25.738+0900 INFO     BundleEvent STOPPING [com.comsol.testcore]
2026-07-23T22:17:25.738+0900 INFO     BundleEvent STOPPED [com.comsol.testcore]
2026-07-23T22:17:25.739+0900 INFO     BundleEvent STOPPING [com.comsol.gui]
2026-07-23T22:17:25.739+0900 INFO     BundleEvent STOPPED [com.comsol.gui]
2026-07-23T22:17:25.739+0900 INFO     Loggers un-registered with log service. [com.comsol.logger]
2026-07-23T22:17:25.739+0900 INFO     BundleEvent STOPPING [com.comsol.textrenderer]
2026-07-23T22:17:25.739+0900 INFO     Logger admin removed. [com.comsol.logger]
2026-07-23T22:17:25.739+0900 INFO     BundleEvent STOPPED [com.comsol.textrenderer]
2026-07-23T22:17:25.739+0900 INFO     BundleEvent STOPPING [com.comsol.graphicsswing]
2026-07-23T22:17:25.739+0900 INFO     BundleEvent STOPPED [com.comsol.graphicsswing]
2026-07-23T22:17:25.739+0900 INFO     BundleEvent STOPPING [com.comsol.widgets]
2026-07-23T22:17:25.739+0900 INFO     BundleEvent STOPPED [com.comsol.widgets]
2026-07-23T22:17:25.739+0900 INFO     BundleEvent STOPPING [com.comsol.renderer]
2026-07-23T22:17:25.739+0900 INFO     BundleEvent STOPPED [com.comsol.renderer]
2026-07-23T22:17:25.739+0900 INFO     BundleEvent STOPPING [com.comsol.nativemph]
2026-07-23T22:17:25.739+0900 INFO     BundleEvent STOPPED [com.comsol.nativemph]
2026-07-23T22:17:25.740+0900 INFO     BundleEvent STOPPING [com.comsol.nativeutil]
2026-07-23T22:17:25.740+0900 INFO     BundleEvent STOPPED [com.comsol.nativeutil]
2026-07-23T22:17:25.740+0900 INFO     BundleEvent STOPPING [com.comsol.nativebasicutil]
2026-07-23T22:17:25.740+0900 INFO     BundleEvent STOPPED [com.comsol.nativebasicutil]
2026-07-23T22:17:25.740+0900 INFO     BundleEvent STOPPING [com.comsol.nativejni]
2026-07-23T22:17:25.740+0900 INFO     BundleEvent STOPPED [com.comsol.nativejni]
2026-07-23T22:17:25.740+0900 INFO     BundleEvent STOPPING [com.comsol.dbbridge]
2026-07-23T22:17:25.741+0900 INFO     BundleEvent STOPPED [com.comsol.dbbridge]
2026-07-23T22:17:25.741+0900 INFO     BundleEvent STOPPING [com.comsol.loader]
2026-07-23T22:17:25.741+0900 INFO     BundleEvent STOPPED [com.comsol.loader]
2026-07-23T22:17:25.741+0900 INFO     BundleEvent STOPPING [com.comsol.util]
2026-07-23T22:17:25.741+0900 INFO     BundleEvent STOPPED [com.comsol.util]
2026-07-23T22:17:25.741+0900 INFO     BundleEvent STOPPING [org.eclipse.emf.ecore.xmi]
2026-07-23T22:17:25.741+0900 INFO     BundleEvent STOPPED [org.eclipse.emf.ecore.xmi]
2026-07-23T22:17:25.741+0900 INFO     BundleEvent STOPPING [org.eclipse.emf.edit]
2026-07-23T22:17:25.742+0900 INFO     BundleEvent STOPPED [org.eclipse.emf.edit]
2026-07-23T22:17:25.742+0900 INFO     BundleEvent STOPPING [org.eclipse.emf.ecore.change]
2026-07-23T22:17:25.742+0900 INFO     BundleEvent STOPPED [org.eclipse.emf.ecore.change]
2026-07-23T22:17:25.742+0900 INFO     BundleEvent STOPPING [org.eclipse.emf.ecore]
2026-07-23T22:17:25.742+0900 INFO     BundleEvent STOPPED [org.eclipse.emf.ecore]
2026-07-23T22:17:25.742+0900 INFO     BundleEvent STOPPING [org.eclipse.emf.common]
2026-07-23T22:17:25.742+0900 INFO     BundleEvent STOPPED [org.eclipse.emf.common]
2026-07-23T22:17:25.742+0900 INFO     BundleEvent STOPPING [org.eclipse.e4.ui.css.swt.theme]
2026-07-23T22:17:25.742+0900 INFO     ServiceEvent UNREGISTERING [org.eclipse.e4.ui.css.swt.theme] {org.eclipse.e4.ui.css.swt.theme.IThemeManager}
2026-07-23T22:17:25.743+0900 INFO     BundleEvent STOPPED [org.eclipse.e4.ui.css.swt.theme]
2026-07-23T22:17:25.743+0900 INFO     BundleEvent STOPPING [com.comsol.logger]
