#
# A fatal error has been detected by the Java Runtime Environment:
#
#  SIGSEGV (0xb) at pc=0x00000001347c2540, pid=18541, tid=75523
#
# JRE version: OpenJDK Runtime Environment Temurin-21.0.7+6 (21.0.7+6) (build 21.0.7+6-LTS)
# Java VM: OpenJDK 64-Bit Server VM Temurin-21.0.7+6 (21.0.7+6-LTS, mixed mode, sharing, tiered, compressed oops, compressed class ptrs, g1 gc, bsd-aarch64)
# Problematic frame:
# C  0x00000001347c253c
#
# No core dump will be written. Core dumps have been disabled. To enable core dumping, try "ulimit -c unlimited" before starting Java again
#
# If you would like to submit a bug report, please visit:
#   https://github.com/adoptium/adoptium-support/issues
#

---------------  S U M M A R Y ------------

Command Line: -Declipse.product=com.comsol.util.product -Dosgi.bundles=org.eclipse.update.configurator@1:start,org.eclipse.equinox.common@2:start,org.apache.felix.scr@1:start,org.eclipse.equinox.event@3:start,org.eclipse.core.runtime@start -Dosgi.bundles.defaultStartLevel=4 -Dosgi.startLevel=6 -XstartOnFirstThread -Dorg.eclipse.swt.internal.carbon.smallFonts -Dosgi.clean=true -Dorg.osgi.service.log.admin.loglevel=INFO -Dosgi.locking=none -Dosgi.configuration.area=@user.home/Library/Preferences/COMSOL/v64/configuration/comsol_73495165860 -Dosgi.instance.area=@user.home/Library/Preferences/COMSOL/v64/workspace/comsol_73495165860 -Dosgi.checkConfiguration=true -Dcs.logoutput=file -Dcs.logfileprefix=batch -Dcs.uniqueworkspace=on -Dcs.processuid=73495165860 -Xss4m -Xms40m -Xmx2g -XX:MaxMetaspaceSize=1g -Dlog4j2.formatMsgNoLookups=true 

Host: "Mac15,6" arm64, 11 cores, 36G, Darwin 25.5.0, macOS 26.5.2 (25F84)
Time: Thu Jul 23 22:55:40 2026 JST elapsed time: 76.485939 seconds (0d 0h 1m 16s)

---------------  T H R E A D  ---------------

Current thread is native thread

Stack: [0x000000017addc000,0x000000017b5db000],  sp=0x000000017b5d96d0,  free space=8181k
Native frames: (J=compiled Java code, j=interpreted, Vv=VM code, C=native code)
C  0x00000001347c253c
C  0x00000001347ae254
C  0x00000001347a4d68
C  0x00000001347a65a8
C  [libomp.dylib+0x6fffc]  __kmp_GOMP_microtask_wrapper(int*, int*, void (*)(void*), void*)+0x38
C  [libomp.dylib+0x88fec]  __kmp_invoke_microtask+0x9c

siginfo: si_signo: 11 (SIGSEGV), si_code: 2 (SEGV_ACCERR), si_addr: 0x00000001347c2540

Registers:
 x0=0x0000000000000000  x1=0x000000074a664910  x2=0x000000074a666ad0  x3=0x0000000000000001
 x4=0x0000000000000001  x5=0x000000074a664c68  x6=0x000000017b5d9604  x7=0x000000074a664c70
 x8=0xd431f509666e0002  x9=0xd431f509666e0002 x10=0x000000074a664c60 x11=0x0000000000000000
x12=0x0000000000000040 x13=0x0000000000000001 x14=0x0000000000045635 x15=0x0000000000000010
x16=0x0000000104cf7d44 x17=0x0000000000000000 x18=0x0000000000000000 x19=0x000000000000000e
x20=0x000000017b5d99b8 x21=0x000000017b5d9a78 x22=0x000000017b5da610 x23=0x000000017b5d9a40
x24=0x000000017b5da600 x25=0x0000000620c00000 x26=0x0000000be85f8878 x27=0x000000017b5d99c8
x28=0x000000017b5daaa0  fp=0x000000017b5d96e0  lr=0x00000001347c2540  sp=0x000000017b5d96d0
pc=0x00000001347c2540 cpsr=0x0000000060001000

Top of Stack: (sp=0x000000017b5d96d0)
0x000000017b5d96d0:   000000017b5d9a78 3fd201229bcc155d
0x000000017b5d96e0:   000000017b5d9810 00000001347ae254
0x000000017b5d96f0:   0000000000000068 000000000000000c
0x000000017b5d9700:   000000017b5da610 000000017b5d99d8
0x000000017b5d9710:   000000017b5d9a40 000000017b5d99f0
0x000000017b5d9720:   000000017b5da9f8 000000017b5daa18
0x000000017b5d9730:   000000017b5daa20 000000017b5daa38
0x000000017b5d9740:   000000017b5daa40 000000017b5daaa0
0x000000017b5d9750:   000000017b5daaa8 000000017b5da600
0x000000017b5d9760:   000000017b5da610 000000017790ef08
0x000000017b5d9770:   000000017b5d9ad8 0000000be85f8878
0x000000017b5d9780:   0000000be85f8340 0000000be85fa348
0x000000017b5d9790:   000000017790fbb0 000000017b5d9ae8
0x000000017b5d97a0:   000000017b5d9ab8 000000017b5d9fa0
0x000000017b5d97b0:   000000017b5d9ac8 000000017b5d9ac0
0x000000017b5d97c0:   000000017b5d9fa8 000000017b5d9ad0
0x000000017b5d97d0:   000000017b5d9ab0 000000017b5d9a40
0x000000017b5d97e0:   000000017b5d99d0 000000017b5d99e8
0x000000017b5d97f0:   000000017b5d9aa0 000000017b5d9a98
0x000000017b5d9800:   000000017b5d9aa8 0000000000000000
0x000000017b5d9810:   000000017b5da340 00000001347a4d68
0x000000017b5d9820:   0000000be08c8000 0000000be85f8340
0x000000017b5d9830:   000000017b5daaa0 000000017b5daa78
0x000000017b5d9840:   0000000be85fa348 0000000bed94a000
0x000000017b5d9850:   0000000bde25c000 0000000be26e1f10
0x000000017b5d9860:   0000000bde194000 0000000be85f8878
0x000000017b5d9870:   0000000000000000 0000000000045635
0x000000017b5d9880:   000000017b5d9a60 000000073e400000
0x000000017b5d9890:   0000000be936d600 000000017b5daa78
0x000000017b5d98a0:   000000017b5d99d0 000000017b5d99e8
0x000000017b5d98b0:   000000017b5d99f0 000000017b5d9aa0
0x000000017b5d98c0:   000000017b5d9ab0 000000017b5d9ab8 

Instructions: (pc=0x00000001347c253c)
0x00000001347c243c:   ?? ?? ?? ?? ?? ?? ?? ?? ?? ?? ?? ?? ?? ?? ?? ??
0x00000001347c244c:   ?? ?? ?? ?? ?? ?? ?? ?? ?? ?? ?? ?? ?? ?? ?? ??
0x00000001347c245c:   ?? ?? ?? ?? ?? ?? ?? ?? ?? ?? ?? 