#
# A fatal error has been detected by the Java Runtime Environment:
#
#  SIGSEGV (0xb) at pc=0x00000001331c1680, pid=17174, tid=76547
#
# JRE version: OpenJDK Runtime Environment Temurin-21.0.7+6 (21.0.7+6) (build 21.0.7+6-LTS)
# Java VM: OpenJDK 64-Bit Server VM Temurin-21.0.7+6 (21.0.7+6-LTS, mixed mode, sharing, tiered, compressed oops, compressed class ptrs, g1 gc, bsd-aarch64)
# Problematic frame:
# C  [libomp.dylib+0x6fff8]  __kmp_GOMP_microtask_wrapper(int*, int*, void (*)(void*), void*)+0x34
#
# No core dump will be written. Core dumps have been disabled. To enable core dumping, try "ulimit -c unlimited" before starting Java again
#
# If you would like to submit a bug report, please visit:
#   https://github.com/adoptium/adoptium-support/issues
#

---------------  S U M M A R Y ------------

Command Line: -Declipse.product=com.comsol.util.product -Dosgi.bundles=org.eclipse.update.configurator@1:start,org.eclipse.equinox.common@2:start,org.apache.felix.scr@1:start,org.eclipse.equinox.event@3:start,org.eclipse.core.runtime@start -Dosgi.bundles.defaultStartLevel=4 -Dosgi.startLevel=6 -XstartOnFirstThread -Dorg.eclipse.swt.internal.carbon.smallFonts -Dosgi.clean=true -Dorg.osgi.service.log.admin.loglevel=INFO -Dosgi.locking=none -Dosgi.configuration.area=@user.home/Library/Preferences/COMSOL/v64/configuration/comsol_75609360827 -Dosgi.instance.area=@user.home/Library/Preferences/COMSOL/v64/workspace/comsol_75609360827 -Dosgi.checkConfiguration=true -Dcs.logoutput=file -Dcs.logfileprefix=batch -Dcs.uniqueworkspace=on -Dcs.processuid=75609360827 -Xss4m -Xms40m -Xmx2g -XX:MaxMetaspaceSize=1g -Dlog4j2.formatMsgNoLookups=true 

Host: "Mac15,6" arm64, 11 cores, 36G, Darwin 25.5.0, macOS 26.5.2 (25F84)
Time: Thu Jul 23 22:46:50 2026 JST elapsed time: 124.989270 seconds (0d 0h 2m 4s)

---------------  T H R E A D  ---------------

Current thread is native thread

Stack: [0x000000017d014000,0x000000017d813000],  sp=0x000000017d812b30,  free space=8186k
Native frames: (J=compiled Java code, j=interpreted, Vv=VM code, C=native code)
C  [libomp.dylib+0x6fff8]  __kmp_GOMP_microtask_wrapper(int*, int*, void (*)(void*), void*)+0x34
C  [libomp.dylib+0x88fec]  __kmp_invoke_microtask+0x9c

siginfo: si_signo: 11 (SIGSEGV), si_code: 2 (SEGV_ACCERR), si_addr: 0x00000001331c1680

Registers:
 x0=0x0000000179b4f478  x1=0x000000017d812b98  x2=0x00000001331c1680  x3=0x0000000179b4f478
 x4=0x0000000b290dc000  x5=0x000000017d812bc8  x6=0x0000000000000000  x7=0x0000000000000000
 x8=0x0000000000000000  x9=0x0000000000000000 x10=0x0000000b290dc008 x11=0x000000017d812b80
x12=0x0000000000380000 x13=0x0000000000300000 x14=0x0000000000000000 x15=0x00002e0000002e00
x16=0x0000000190398944 x17=0x00000001fdbe3040 x18=0x0000000000000000 x19=0x00000001331c1680
x20=0x0000000179b4f478 x21=0x0000000102b5fa98 x22=0x000000017d812bc8 x23=0x0000000b243c1840
x24=0x0000000102b5e708 x25=0x0000000102b5e740 x26=0x0000000102b570e0 x27=0x0000000000000101
x28=0x0000000000000001  fp=0x000000017d812b70  lr=0x0000000102b2bffc  sp=0x000000017d812b30
pc=0x00000001331c1680 cpsr=0x0000000060001800

Top of Stack: (sp=0x000000017d812b30)
0x000000017d812b30:   0000000102b50600 0000000102b50600
0x000000017d812b40:   0000000102b5e708 0000000b243c1840
0x000000017d812b50:   000000017d812bc8 0000000000000004
0x000000017d812b60:   0000000000000005 000000017d812bc8
0x000000017d812b70:   000000017d812ba0 0000000102b44fec
0x000000017d812b80:   0000000102b56d90 0000000102b5e740
0x000000017d812b90:   0000000102b5fa98 0000000500000004
0x000000017d812ba0:   0000000b2a66b840 0000000000000005
0x000000017d812bb0:   000000017d812c20 0000000102ae28d0
0x000000017d812bc0:   000000017d812c20 000000017d812ba0
0x000000017d812bd0:   0000000000000001 0000000000000101
0x000000017d812be0:   0000000b2a66b880 0000000102b5e800
0x000000017d812bf0:   0000000102b5fa98 0000000102b4c77f
0x000000017d812c00:   0000000102b46e8d 0000000000000000
0x000000017d812c10:   0000000000000005 0000000b2a66b840
0x000000017d812c20:   000000017d812c90 0000000102ae1594
0x000000017d812c30:   0000000102b4cb85 0000000b2a66b880
0x000000017d812c40:   0000000000000000 0000000000000000
0x000000017d812c50:   0000000000000000 0000000000000000
0x000000017d812c60:   0000000000000000 0000000000000000
0x000000017d812c70:   0000000000000000 0000000102b57210
0x000000017d812c80:   0000000000000001 0000000b2a66b840
0x000000017d812c90:   000000017d812fc0 0000000102b2779c
0x000000017d812ca0:   0000000000000005 0000000000000000
0x000000017d812cb0:   0000000000000000 0000000000000000
0x000000017d812cc0:   0000000000000000 0000000000000000
0x000000017d812cd0:   0000000000000000 0000000000000000
0x000000017d812ce0:   0000000000000000 0000000000000000
0x000000017d812cf0:   0000000000000000 0000000000000000
0x000000017d812d00:   0000000000000000 0000000000000000
0x000000017d812d10:   0000000000000000 0000000000000000
0x000000017d812d20:   0000000000000000 0000000000000000 

Instructions: (pc=0x0000000102b2bff8)
0x0000000102b2bef8:   e3 03 18 aa e4 03 17 aa e7 c0 fe 97 c0 00 00 34
0x0000000102b2bf08:   e0 03 14 aa e1 03 16 aa e2 03 13 aa e3 03 15 aa
0x0000000102b2bf18:   fe d9 fe 97 f7 db 19 10 1f 20 03 d5 e8 02 40 39
0x0000000102b2bf28:   e8 03 00 36 00 00 80 52 01 00 80 d2 50 59 00 94
0x0000000102b2bf38:   f6 03 00 aa 00 00 80 52 8d 59 00 94 e8 02 40 39
0x0000000102b2bf48:   a8 02 38 36 f5 03 00 aa 88 7e 40 93 69 03 40 f9
0x0000000102b2bf58:   14 f1 7d d3 28 69 74 f8 09 21 40 f9 23 0d 42 b9
0x0000000102b2bf68:   1f 20 03 d5 1f 20 03 d5 09 db 19 58 02 60 00 91
0x0000000102b2bf78:   04 21 40 b9 20 00 80 52 e1 03 16 aa 45 00 80 52
0x0000000102b2bf88:   20 01 3f d6 68 03 40 f9 08 69 74 f8 08 21 40 b9
0x0000000102b2bf98:   a8 2a 00 b9 28 00 80 52 68 aa 01 b9 fd 7b 46 a9
0x0000000102b2bfa8:   f4 4f 45 a9 f6 57 44 a9 f8 5f 43 a9 fa 67 42 a9
0x0000000102b2bfb8:   fc 6f 41 a9 ff c3 01 91 c0 03 5f d6 ff 43 01 d1
0x0000000102b2bfc8:   f8 5f 01 a9 f6 57 02 a9 f4 4f 03 a9 fd 7b 04 a9
0x0000000102b2bfd8:   fd 03 01 91 f4 03 03 aa f3 03 02 aa b5 d5 19 10
0x0000000102b2bfe8:   1f 20 03 d5 a8 02 40 39 c8 00 00 37 e0 03 14 aa
0x0000000102b2bff8:   60 02 3f d6 a8 02 40 39 e8 02 00 37 19 00 00 14
0x0000000102b2c008:   1f 20 03 d5 1f 20 03 d5 88 39 19 58 09 00 80 b9
0x0000000102b2c018:   16 79 69 f8 d7 aa 41 b9 28 00 80 52 c8 aa 01 b9
0x0000000102b2c028:   e3 23 00 91 00 00 80 52 01 00 80 d2 02 00 80 d2
0x0000000102b2c038:   04 00 80 d2 05 00 80 d2 f6 5a 00 94 e8 07 40 f9
0x0000000102b2c048:   1d 01 00 f9 e0 03 14 aa 60 02 3f d6 a8 02 40 39
0x0000000102b2c058:   88 00 00 36 e8 07 40 f9 1f 01 00 f9 d7 aa 01 b9
0x0000000102b2c068:   fd 7b 44 a9 f4 4f 43 a9 f6 57 42 a9 f8 5f 41 a9
0x0000000102b2c078:   ff 43 01 91 c0 03 5f d6 f4 4f be a9 fd 7b 01 a9
0x0000000102b2c088:   fd 43 00 91 91 b3 fe 97 f3 03 00 aa 1f 20 03 d5
0x0000000102b2c098:   1f 20 03 d5 28 35 19 58 14 d9 60 f8 83 22 40 f9
0x0000000102b2c0a8:   68 08 43 b9 e8 01 00 34 48 cf 19 10 1f 20 03 d5
0x0000000102b2c0b8:   08 01 40 39 68 00 00 36 88 02 41 f9 1f 75 00 f9
0x0000000102b2c0c8:   00 54 15 10 